0 info it worked if it ends with ok
1 verbose cli [ '/usr/local/Cellar/node/6.4.0/bin/node',
1 verbose cli   '/usr/local/bin/npm',
1 verbose cli   'run',
1 verbose cli   'build' ]
2 info using npm@3.10.9
3 info using node@v6.4.0
4 verbose run-script [ 'prebuild', 'build', 'postbuild' ]
5 info lifecycle ut@~prebuild: ut@
6 silly lifecycle ut@~prebuild: no script for prebuild, continuing
7 info lifecycle ut@~build: ut@
8 verbose lifecycle ut@~build: unsafe-perm in lifecycle true
9 verbose lifecycle ut@~build: PATH: /usr/local/lib/node_modules/npm/bin/node-gyp-bin:/Users/wangwei/Documents/gitHub/miaomiduo/node_modules/.bin:/usr/local/Cellar/node/6.4.0/bin:/Users/wangwei/.rvm/gems/ruby-2.0.0-p648/bin:/Users/wangwei/.rvm/gems/ruby-2.0.0-p648@global/bin:/Users/wangwei/.rvm/rubies/ruby-2.0.0-p648/bin:/usr/local/bin:/usr/bin:/bin:/usr/sbin:/sbin:/Users/wangwei/.rvm/bin
10 verbose lifecycle ut@~build: CWD: /Users/wangwei/Documents/gitHub/miaomiduo
11 silly lifecycle ut@~build: Args: [ '-c',
11 silly lifecycle   'cross-env NODE_ENV=production webpack --progress --hide-modules' ]
12 silly lifecycle ut@~build: Returned: code: 2  signal: null
13 info lifecycle ut@~build: Failed to exec build script
14 verbose stack Error: ut@ build: `cross-env NODE_ENV=production webpack --progress --hide-modules`
14 verbose stack Exit status 2
14 verbose stack     at EventEmitter.<anonymous> (/usr/local/lib/node_modules/npm/lib/utils/lifecycle.js:255:16)
14 verbose stack     at emitTwo (events.js:106:13)
14 verbose stack     at EventEmitter.emit (events.js:191:7)
14 verbose stack     at ChildProcess.<anonymous> (/usr/local/lib/node_modules/npm/lib/utils/spawn.js:40:14)
14 verbose stack     at emitTwo (events.js:106:13)
14 verbose stack     at ChildProcess.emit (events.js:191:7)
14 verbose stack     at maybeClose (internal/child_process.js:852:16)
14 verbose stack     at Process.ChildProcess._handle.onexit (internal/child_process.js:215:5)
15 verbose pkgid ut@
16 verbose cwd /Users/wangwei/Documents/gitHub/miaomiduo
17 error Darwin 15.6.0
18 error argv "/usr/local/Cellar/node/6.4.0/bin/node" "/usr/local/bin/npm" "run" "build"
19 error node v6.4.0
20 error npm  v3.10.9
21 error code ELIFECYCLE
22 error ut@ build: `cross-env NODE_ENV=production webpack --progress --hide-modules`
22 error Exit status 2
23 error Failed at the ut@ build script 'cross-env NODE_ENV=production webpack --progress --hide-modules'.
23 error Make sure you have the latest version of node.js and npm installed.
23 error If you do, this is most likely a problem with the ut package,
23 error not with npm itself.
23 error Tell the author that this fails on your system:
23 error     cross-env NODE_ENV=production webpack --progress --hide-modules
23 error You can get information on how to open an issue for this project with:
23 error     npm bugs ut
23 error Or if that isn't available, you can get their info via:
23 error     npm owner ls ut
23 error There is likely additional logging output above.
24 verbose exit [ 1, true ]
